<?xml version="1.0" encoding="UTF-8"?>
<!-- Generated by org.testng.reporters.JUnitXMLReporter -->
<testsuite ignored="0" hostname="Atul_Kumar" failures="0" tests="5" name="Test" time="25.364" errors="0" timestamp="2024-11-19T17:32:45 IST">
  <testcase classname="comTest.Login" name="loginWithInvalidCredentials" time="0.957"/>
  <testcase classname="comTest.Login" name="loginWithInvalidEmailValidPasswordCredentials" time="0.879"/>
  <testcase classname="comTest.Login" name="loginWithValidEmailInvalidPasswordCredentials" time="0.897"/>
  <testcase classname="comTest.Login" name="loginWithoutProvidingCredentials" time="0.775"/>
  <testcase classname="comTest.Login" name="loginWithValidCredentials" time="0.798"/>
</testsuite> <!-- Test -->
