<?xml version="1.0" encoding="UTF-8"?>
<!-- Generated by org.testng.reporters.JUnitXMLReporter -->
<testsuite ignored="0" hostname="Atul_Kumar" failures="2" tests="5" name="Test" time="24.713" errors="0" timestamp="2024-11-13T12:20:15 IST">
  <testcase classname="comTest.Login" name="loginWithInvalidCredentials" time="0.659">
    <failure type="java.lang.AssertionError" message="expected [Warning: No match for E-Mail Address and/or Password.] but found [Warning: Your account has exceeded allowed number of login attempts. Please try again in 1 hour.]">
      <![CDATA[java.lang.AssertionError: expected [Warning: No match for E-Mail Address and/or Password.] but found [Warning: Your account has exceeded allowed number of login attempts. Please try again in 1 hour.]
at comTest.Login.loginWithInvalidCredentials(Login.java:61)
at java.base/java.util.ArrayList.forEach(ArrayList.java:1597)
... Removed 31 stack frames]]>
    </failure>
  </testcase> <!-- loginWithInvalidCredentials -->
  <testcase classname="comTest.Login" name="loginWithInvalidEmailValidPasswordCredentials" time="0.854">
    <failure type="java.lang.AssertionError" message="expected [Warning: No match for E-Mail Address and/or Password.] but found [Warning: Your account has exceeded allowed number of login attempts. Please try again in 1 hour.]">
      <![CDATA[java.lang.AssertionError: expected [Warning: No match for E-Mail Address and/or Password.] but found [Warning: Your account has exceeded allowed number of login attempts. Please try again in 1 hour.]
at comTest.Login.loginWithInvalidEmailValidPasswordCredentials(Login.java:70)
at java.base/java.util.ArrayList.forEach(ArrayList.java:1597)
... Removed 31 stack frames]]>
    </failure>
  </testcase> <!-- loginWithInvalidEmailValidPasswordCredentials -->
  <testcase classname="comTest.Login" name="loginWithValidEmailInvalidPasswordCredentials" time="2.014"/>
  <testcase classname="comTest.Login" name="loginWithoutProvidingCredentials" time="0.952"/>
  <testcase classname="comTest.Login" name="loginWithValidCredentials" time="0.768"/>
</testsuite> <!-- Test -->
