<?xml version="1.0" encoding="UTF-8"?>
<testng-results ignored="0" total="5" passed="5" failed="0" skipped="0">
  <reporter-output>
  </reporter-output>
  <suite started-at="2024-11-19T17:32:19 IST" name="Suite" finished-at="2024-11-19T17:32:44 IST" duration-ms="25364">
    <groups>
    </groups>
    <test started-at="2024-11-19T17:32:19 IST" name="Test" finished-at="2024-11-19T17:32:44 IST" duration-ms="25364">
      <class name="comTest.Login">
        <test-method is-config="true" signature="tearUp()[pri:0, instance:comTest.Login@1fa121e2]" started-at="2024-11-19T17:32:19 IST" name="tearUp" finished-at="2024-11-19T17:32:25 IST" duration-ms="6406" status="PASS">
          <reporter-output>
          </reporter-output>
        </test-method> <!-- tearUp -->
        <test-method signature="loginWithInvalidCredentials()[pri:0, instance:comTest.Login@1fa121e2]" started-at="2024-11-19T17:32:25 IST" name="loginWithInvalidCredentials" finished-at="2024-11-19T17:32:26 IST" duration-ms="957" status="PASS">
          <reporter-output>
          </reporter-output>
        </test-method> <!-- loginWithInvalidCredentials -->
        <test-method is-config="true" signature="tearDown()[pri:0, instance:comTest.Login@1fa121e2]" started-at="2024-11-19T17:32:26 IST" name="tearDown" finished-at="2024-11-19T17:32:27 IST" duration-ms="262" status="PASS">
          <reporter-output>
          </reporter-output>
        </test-method> <!-- tearDown -->
        <test-method is-config="true" signature="tearUp()[pri:0, instance:comTest.Login@1fa121e2]" started-at="2024-11-19T17:32:27 IST" name="tearUp" finished-at="2024-11-19T17:32:29 IST" duration-ms="2630" status="PASS">
          <reporter-output>
          </reporter-output>
        </test-method> <!-- tearUp -->
        <test-method signature="loginWithInvalidEmailValidPasswordCredentials()[pri:0, instance:comTest.Login@1fa121e2]" started-at="2024-11-19T17:32:29 IST" name="loginWithInvalidEmailValidPasswordCredentials" finished-at="2024-11-19T17:32:30 IST" duration-ms="879" status="PASS">
          <reporter-output>
          </reporter-output>
        </test-method> <!-- loginWithInvalidEmailValidPasswordCredentials -->
        <test-method is-config="true" signature="tearDown()[pri:0, instance:comTest.Login@1fa121e2]" started-at="2024-11-19T17:32:30 IST" name="tearDown" finished-at="2024-11-19T17:32:30 IST" duration-ms="258" status="PASS">
          <reporter-output>
          </reporter-output>
        </test-method> <!-- tearDown -->
        <test-method is-config="true" signature="tearUp()[pri:0, instance:comTest.Login@1fa121e2]" started-at="2024-11-19T17:32:30 IST" name="tearUp" finished-at="2024-11-19T17:32:33 IST" duration-ms="2579" status="PASS">
          <reporter-output>
          </reporter-output>
        </test-method> <!-- tearUp -->
        <test-method signature="loginWithValidEmailInvalidPasswordCredentials()[pri:0, instance:comTest.Login@1fa121e2]" started-at="2024-11-19T17:32:33 IST" name="loginWithValidEmailInvalidPasswordCredentials" finished-at="2024-11-19T17:32:34 IST" duration-ms="897" status="PASS">
          <reporter-output>
          </reporter-output>
        </test-method> <!-- loginWithValidEmailInvalidPasswordCredentials -->
        <test-method is-config="true" signature="tearDown()[pri:0, instance:comTest.Login@1fa121e2]" started-at="2024-11-19T17:32:34 IST" name="tearDown" finished-at="2024-11-19T17:32:34 IST" duration-ms="436" status="PASS">
          <reporter-output>
          </reporter-output>
        </test-method> <!-- tearDown -->
        <test-method is-config="true" signature="tearUp()[pri:0, instance:comTest.Login@1fa121e2]" started-at="2024-11-19T17:32:34 IST" name="tearUp" finished-at="2024-11-19T17:32:37 IST" duration-ms="2745" status="PASS">
          <reporter-output>
          </reporter-output>
        </test-method> <!-- tearUp -->
        <test-method signature="loginWithoutProvidingCredentials()[pri:0, instance:comTest.Login@1fa121e2]" started-at="2024-11-19T17:32:37 IST" name="loginWithoutProvidingCredentials" finished-at="2024-11-19T17:32:38 IST" duration-ms="775" status="PASS">
          <reporter-output>
          </reporter-output>
        </test-method> <!-- loginWithoutProvidingCredentials -->
        <test-method is-config="true" signature="tearDown()[pri:0, instance:comTest.Login@1fa121e2]" started-at="2024-11-19T17:32:38 IST" name="tearDown" finished-at="2024-11-19T17:32:38 IST" duration-ms="284" status="PASS">
          <reporter-output>
          </reporter-output>
        </test-method> <!-- tearDown -->
        <test-method is-config="true" signature="tearUp()[pri:0, instance:comTest.Login@1fa121e2]" started-at="2024-11-19T17:32:38 IST" name="tearUp" finished-at="2024-11-19T17:32:43 IST" duration-ms="4700" status="PASS">
          <reporter-output>
          </reporter-output>
        </test-method> <!-- tearUp -->
        <test-method signature="loginWithValidCredentials()[pri:1, instance:comTest.Login@1fa121e2]" started-at="2024-11-19T17:32:43 IST" name="loginWithValidCredentials" finished-at="2024-11-19T17:32:44 IST" duration-ms="798" status="PASS">
          <reporter-output>
          </reporter-output>
        </test-method> <!-- loginWithValidCredentials -->
        <test-method is-config="true" signature="tearDown()[pri:0, instance:comTest.Login@1fa121e2]" started-at="2024-11-19T17:32:44 IST" name="tearDown" finished-at="2024-11-19T17:32:44 IST" duration-ms="353" status="PASS">
          <reporter-output>
          </reporter-output>
        </test-method> <!-- tearDown -->
      </class> <!-- comTest.Login -->
    </test> <!-- Test -->
  </suite> <!-- Suite -->
</testng-results>
